<?xml version="1.0" encoding="UTF-8"?>
<!-- Generated by org.testng.reporters.JUnitXMLReporter -->
<testsuite ignored="0" hostname="Swapnil-Damate-01081996" failures="0" tests="3" name="Default test" time="0.247" errors="0" timestamp="2021-07-04T22:55:57 IST">
  <testcase classname="keywordsInTestNG.DependsOnMethod" name="f1" time="0.023"/>
  <testcase classname="keywordsInTestNG.DependsOnMethod" name="f2" time="0.004"/>
  <testcase classname="keywordsInTestNG.DependsOnMethod" name="f3" time="0.007"/>
</testsuite> <!-- Default test -->
