<?xml version="1.0" encoding="UTF-8"?>
<testng-results ignored="0" total="3" passed="3" failed="0" skipped="0">
  <reporter-output>
  </reporter-output>
  <suite started-at="2021-07-04T22:55:56 IST" name="Default suite" finished-at="2021-07-04T22:55:56 IST" duration-ms="247">
    <groups>
    </groups>
    <test started-at="2021-07-04T22:55:56 IST" name="Default test" finished-at="2021-07-04T22:55:56 IST" duration-ms="247">
      <class name="keywordsInTestNG.DependsOnMethod">
        <test-method signature="f1()[pri:0, instance:keywordsInTestNG.DependsOnMethod@5ccddd20]" started-at="2021-07-04T22:55:56 IST" name="f1" finished-at="2021-07-04T22:55:56 IST" duration-ms="23" status="PASS">
          <reporter-output>
          </reporter-output>
        </test-method> <!-- f1 -->
        <test-method signature="f2()[pri:0, instance:keywordsInTestNG.DependsOnMethod@5ccddd20]" started-at="2021-07-04T22:55:56 IST" name="f2" finished-at="2021-07-04T22:55:56 IST" duration-ms="4" status="PASS">
          <reporter-output>
          </reporter-output>
        </test-method> <!-- f2 -->
        <test-method signature="f3()[pri:0, instance:keywordsInTestNG.DependsOnMethod@5ccddd20]" started-at="2021-07-04T22:55:56 IST" name="f3" finished-at="2021-07-04T22:55:56 IST" depends-on-methods="keywordsInTestNG.DependsOnMethod.f1" duration-ms="7" status="PASS">
          <reporter-output>
          </reporter-output>
        </test-method> <!-- f3 -->
      </class> <!-- keywordsInTestNG.DependsOnMethod -->
    </test> <!-- Default test -->
  </suite> <!-- Default suite -->
</testng-results>
