<?xml version="1.0" encoding="UTF-8"?>
<!-- Generated by org.testng.reporters.JUnitReportReporter -->
<testsuite hostname="Swapnil-Damate-01081996" failures="0" tests="5" name="keywordsInTestNG.PriorityNewTest" time="0.032" errors="0" timestamp="2021-07-01T17:49:38 IST" skipped="0">
  <testcase classname="keywordsInTestNG.PriorityNewTest" name="test3" time="0.018"/>
  <system-out/>
  <testcase classname="keywordsInTestNG.PriorityNewTest" name="test1" time="0.004"/>
  <system-out/>
  <testcase classname="keywordsInTestNG.PriorityNewTest" name="test2" time="0.002"/>
  <system-out/>
  <testcase classname="keywordsInTestNG.PriorityNewTest" name="test4" time="0.003"/>
  <system-out/>
  <testcase classname="keywordsInTestNG.PriorityNewTest" name="test5" time="0.005"/>
  <system-out/>
</testsuite> <!-- keywordsInTestNG.PriorityNewTest -->
